# JRE version: Java(TM) SE Runtime Environment (8.0_91-b15) (build 1.8.0_91-b15)
# Java VM: Java HotSpot(TM) 64-Bit Server VM (25.91-b15 mixed mode windows-amd64 compressed oops)
Heap:
 PSYoungGen      total 195072K, used 79293K [0x00000000e0000000, 0x00000000edd00000, 0x0000000100000000)
  eden space 179200K, 44% used [0x00000000e0000000,0x00000000e4d6f4d8,0x00000000eaf00000)
  from space 15872K, 0% used [0x00000000eaf00000,0x00000000eaf00000,0x00000000ebe80000)
  to   space 11776K, 0% used [0x00000000ebe80000,0x00000000ebe80000,0x00000000eca00000)
 ParOldGen       total 54272K, used 35424K [0x00000000a0000000, 0x00000000a3500000, 0x00000000e0000000)
  object space 54272K, 65% used [0x00000000a0000000,0x00000000a2298058,0x00000000a3500000)
 Metaspace       used 62403K, capacity 64270K, committed 64384K, reserved 1103872K
  class space    used 8586K, capacity 9027K, committed 9088K, reserved 1048576K
GC Heap History (10 events):
Event: 9.346 GC heap before
{Heap before GC invocations=12 (full 2):
 PSYoungGen      total 125952K, used 114688K [0x00000000e0000000, 0x00000000eb680000, 0x0000000100000000)
  eden space 114688K, 100% used [0x00000000e0000000,0x00000000e7000000,0x00000000e7000000)
  from space 11264K, 0% used [0x00000000e7000000,0x00000000e7000000,0x00000000e7b00000)
  to   space 11776K, 0% used [0x00000000eab00000,0x00000000eab00000,0x00000000eb680000)
 ParOldGen       total 54272K, used 16235K [0x00000000a0000000, 0x00000000a3500000, 0x00000000e0000000)
  object space 54272K, 29% used [0x00000000a0000000,0x00000000a0fdac28,0x00000000a3500000)
 Metaspace       used 38590K, capacity 39480K, committed 39680K, reserved 1083392K
  class space    used 5337K, capacity 5610K, committed 5632K, reserved 1048576K
Event: 9.357 GC heap after
Heap after GC invocations=12 (full 2):
 PSYoungGen      total 154624K, used 7067K [0x00000000e0000000, 0x00000000eb200000, 0x0000000100000000)
  eden space 147456K, 0% used [0x00000000e0000000,0x00000000e0000000,0x00000000e9000000)
  from space 7168K, 98% used [0x00000000eab00000,0x00000000eb1e6d48,0x00000000eb200000)
  to   space 11776K, 0% used [0x00000000e9b00000,0x00000000e9b00000,0x00000000ea680000)
 ParOldGen       total 54272K, used 16243K [0x00000000a0000000, 0x00000000a3500000, 0x00000000e0000000)
  object space 54272K, 29% used [0x00000000a0000000,0x00000000a0fdcc28,0x00000000a3500000)
 Metaspace       used 38590K, capacity 39480K, committed 39680K, reserved 1083392K
  class space    used 5337K, capacity 5610K, committed 5632K, reserved 1048576K
}
Event: 15.681 GC heap before
{Heap before GC invocations=13 (full 2):
 PSYoungGen      total 154624K, used 154523K [0x00000000e0000000, 0x00000000eb200000, 0x0000000100000000)
  eden space 147456K, 100% used [0x00000000e0000000,0x00000000e9000000,0x00000000e9000000)
  from space 7168K, 98% used [0x00000000eab00000,0x00000000eb1e6d48,0x00000000eb200000)
  to   space 11776K, 0% used [0x00000000e9b00000,0x00000000e9b00000,0x00000000ea680000)
 ParOldGen       total 54272K, used 16243K [0x00000000a0000000, 0x00000000a3500000, 0x00000000e0000000)
  object space 54272K, 29% used [0x00000000a0000000,0x00000000a0fdcc28,0x00000000a3500000)
 Metaspace       used 38657K, capacity 39486K, committed 39680K, reserved 1083392K
  class space    used 5344K, capacity 5611K, committed 5632K, reserved 1048576K
Event: 15.686 GC heap after
Heap after GC invocations=13 (full 2):
 PSYoungGen      total 170496K, used 4742K [0x00000000e0000000, 0x00000000eca00000, 0x0000000100000000)
  eden space 158720K, 0% used [0x00000000e0000000,0x00000000e0000000,0x00000000e9b00000)
  from space 11776K, 40% used [0x00000000e9b00000,0x00000000e9fa1808,0x00000000ea680000)
  to   space 11776K, 0% used [0x00000000ebe80000,0x00000000ebe80000,0x00000000eca00000)
 ParOldGen       total 54272K, used 16251K [0x00000000a0000000, 0x00000000a3500000, 0x00000000e0000000)
  object space 54272K, 29% used [0x00000000a0000000,0x00000000a0fdec28,0x00000000a3500000)
 Metaspace       used 38657K, capacity 39486K, committed 39680K, reserved 1083392K
  class space    used 5344K, capacity 5611K, committed 5632K, reserved 1048576K
}
Event: 20.154 GC heap before
{Heap before GC invocations=14 (full 2):
 PSYoungGen      total 170496K, used 163462K [0x00000000e0000000, 0x00000000eca00000, 0x0000000100000000)
  eden space 158720K, 100% used [0x00000000e0000000,0x00000000e9b00000,0x00000000e9b00000)
  from space 11776K, 40% used [0x00000000e9b00000,0x00000000e9fa1808,0x00000000ea680000)
  to   space 11776K, 0% used [0x00000000ebe80000,0x00000000ebe80000,0x00000000eca00000)
 ParOldGen       total 54272K, used 16251K [0x00000000a0000000, 0x00000000a3500000, 0x00000000e0000000)
  object space 54272K, 29% used [0x00000000a0000000,0x00000000a0fdec28,0x00000000a3500000)
 Metaspace       used 48893K, capacity 50140K, committed 50304K, reserved 1093632K
  class space    used 6666K, capacity 7006K, committed 7040K, reserved 1048576K
Event: 20.181 GC heap after
Heap after GC invocations=14 (full 2):
 PSYoungGen      total 190976K, used 11751K [0x00000000e0000000, 0x00000000edd00000, 0x0000000100000000)
  eden space 179200K, 0% used [0x00000000e0000000,0x00000000e0000000,0x00000000eaf00000)
  from space 11776K, 99% used [0x00000000ebe80000,0x00000000ec9f9f90,0x00000000eca00000)
  to   space 15872K, 0% used [0x00000000eaf00000,0x00000000eaf00000,0x00000000ebe80000)
 ParOldGen       total 54272K, used 25020K [0x00000000a0000000, 0x00000000a3500000, 0x00000000e0000000)
  object space 54272K, 46% used [0x00000000a0000000,0x00000000a186f368,0x00000000a3500000)
 Metaspace       used 48893K, capacity 50140K, committed 50304K, reserved 1093632K
  class space    used 6666K, capacity 7006K, committed 7040K, reserved 1048576K
}
Event: 21.557 GC heap before
{Heap before GC invocations=15 (full 2):
 PSYoungGen      total 190976K, used 127387K [0x00000000e0000000, 0x00000000edd00000, 0x0000000100000000)
  eden space 179200K, 64% used [0x00000000e0000000,0x00000000e70ece50,0x00000000eaf00000)
  from space 11776K, 99% used [0x00000000ebe80000,0x00000000ec9f9f90,0x00000000eca00000)
  to   space 15872K, 0% used [0x00000000eaf00000,0x00000000eaf00000,0x00000000ebe80000)
 ParOldGen       total 54272K, used 25020K [0x00000000a0000000, 0x00000000a3500000, 0x00000000e0000000)
  object space 54272K, 46% used [0x00000000a0000000,0x00000000a186f368,0x00000000a3500000)
 Metaspace       used 57444K, capacity 59040K, committed 59160K, reserved 1099776K
  class space    used 7803K, capacity 8228K, committed 8320K, reserved 1048576K
Event: 21.582 GC heap after
Heap after GC invocations=15 (full 2):
 PSYoungGen      total 195072K, used 15857K [0x00000000e0000000, 0x00000000edd00000, 0x0000000100000000)
  eden space 179200K, 0% used [0x00000000e0000000,0x00000000e0000000,0x00000000eaf00000)
  from space 15872K, 99% used [0x00000000eaf00000,0x00000000ebe7c778,0x00000000ebe80000)
  to   space 11776K, 0% used [0x00000000ebe80000,0x00000000ebe80000,0x00000000eca00000)
 ParOldGen       total 54272K, used 29828K [0x00000000a0000000, 0x00000000a3500000, 0x00000000e0000000)
  object space 54272K, 54% used [0x00000000a0000000,0x00000000a1d21208,0x00000000a3500000)
 Metaspace       used 57444K, capacity 59040K, committed 59160K, reserved 1099776K
  class space    used 7803K, capacity 8228K, committed 8320K, reserved 1048576K
}
Event: 21.582 GC heap before
{Heap before GC invocations=16 (full 3):
 PSYoungGen      total 195072K, used 15857K [0x00000000e0000000, 0x00000000edd00000, 0x0000000100000000)
  eden space 179200K, 0% used [0x00000000e0000000,0x00000000e0000000,0x00000000eaf00000)
  from space 15872K, 99% used [0x00000000eaf00000,0x00000000ebe7c778,0x00000000ebe80000)
  to   space 11776K, 0% used [0x00000000ebe80000,0x00000000ebe80000,0x00000000eca00000)
 ParOldGen       total 54272K, used 29828K [0x00000000a0000000, 0x00000000a3500000, 0x00000000e0000000)
  object space 54272K, 54% used [0x00000000a0000000,0x00000000a1d21208,0x00000000a3500000)
 Metaspace       used 57444K, capacity 59040K, committed 59160K, reserved 1099776K
  class space    used 7803K, capacity 8228K, committed 8320K, reserved 1048576K
Event: 21.868 GC heap after
Heap after GC invocations=16 (full 3):
 PSYoungGen      total 195072K, used 0K [0x00000000e0000000, 0x00000000edd00000, 0x0000000100000000)
  eden space 179200K, 0% used [0x00000000e0000000,0x00000000e0000000,0x00000000eaf00000)
  from space 15872K, 0% used [0x00000000eaf00000,0x00000000eaf00000,0x00000000ebe80000)
  to   space 11776K, 0% used [0x00000000ebe80000,0x00000000ebe80000,0x00000000eca00000)
 ParOldGen       total 54272K, used 35424K [0x00000000a0000000, 0x00000000a3500000, 0x00000000e0000000)
  object space 54272K, 65% used [0x00000000a0000000,0x00000000a2298058,0x00000000a3500000)
 Metaspace       used 57410K, capacity 58986K, committed 59160K, reserved 1099776K
  class space    used 7798K, capacity 8219K, committed 8320K, reserved 1048576K
}

